<?xml version="1.0" encoding="UTF-8"?>
<!-- Generated by org.testng.reporters.JUnitReportReporter -->
<testsuite hostname="ATMECSINLT-087" failures="0" tests="6" name="com.tutorialsninja.TutorialsninjaAutomation.testscripts.HeatClinicFuctionalityTesting" time="16.432" errors="0" timestamp="08 Nov 2019 14:53:39 GMT" skipped="0">
  <testcase classname="com.tutorialsninja.TutorialsninjaAutomation.testscripts.HeatClinicFuctionalityTesting" name="headerRedirectionValidation" time="1.115"/>
  <testcase classname="com.tutorialsninja.TutorialsninjaAutomation.testscripts.HeatClinicFuctionalityTesting" name="headerRedirectionValidation" time="1.907"/>
  <testcase classname="com.tutorialsninja.TutorialsninjaAutomation.testscripts.HeatClinicFuctionalityTesting" name="headerRedirectionValidation" time="0.875"/>
  <testcase classname="com.tutorialsninja.TutorialsninjaAutomation.testscripts.HeatClinicFuctionalityTesting" name="headerRedirectionValidation" time="0.697"/>
  <testcase classname="com.tutorialsninja.TutorialsninjaAutomation.testscripts.HeatClinicFuctionalityTesting" name="headerRedirectionValidation" time="0.680"/>
  <testcase classname="com.tutorialsninja.TutorialsninjaAutomation.testscripts.HeatClinicFuctionalityTesting" name="merchandiseFunctionality" time="11.158"/>
</testsuite> <!-- com.tutorialsninja.TutorialsninjaAutomation.testscripts.HeatClinicFuctionalityTesting -->
