<?xml version="1.0" encoding="UTF-8"?>
<testsuite xmlns:xsi="http://www.w3.org/2001/XMLSchema-instance" xsi:noNamespaceSchemaLocation="https://maven.apache.org/surefire/maven-surefire-plugin/xsd/surefire-test-report-3.0.xsd" version="3.0" name="TestSuite" time="63.082" tests="6" errors="0" skipped="0" failures="1">
  <properties>
    <property name="sun.desktop" value="windows"/>
    <property name="awt.toolkit" value="sun.awt.windows.WToolkit"/>
    <property name="java.specification.version" value="12"/>
    <property name="sun.cpu.isalist" value="amd64"/>
    <property name="sun.jnu.encoding" value="Cp1252"/>
    <property name="java.class.path" value="C:\Users\ARJUN.SANTRA\Desktop\AssessmentTwo\TutorialsninjaAutomation\target\test-classes;C:\Users\ARJUN.SANTRA\Desktop\AssessmentTwo\TutorialsninjaAutomation\target\classes;C:\Users\ARJUN.SANTRA\.m2\repository\io\github\bonigarcia\webdrivermanager\2.2.4\webdrivermanager-2.2.4.jar;C:\Users\ARJUN.SANTRA\.m2\repository\org\slf4j\slf4j-api\1.7.25\slf4j-api-1.7.25.jar;C:\Users\ARJUN.SANTRA\.m2\repository\com\google\code\gson\gson\2.8.5\gson-2.8.5.jar;C:\Users\ARJUN.SANTRA\.m2\repository\org\apache\commons\commons-lang3\3.7\commons-lang3-3.7.jar;C:\Users\ARJUN.SANTRA\.m2\repository\org\apache\httpcomponents\httpclient\4.5.5\httpclient-4.5.5.jar;C:\Users\ARJUN.SANTRA\.m2\repository\org\apache\httpcomponents\httpcore\4.4.9\httpcore-4.4.9.jar;C:\Users\ARJUN.SANTRA\.m2\repository\commons-logging\commons-logging\1.2\commons-logging-1.2.jar;C:\Users\ARJUN.SANTRA\.m2\repository\commons-codec\commons-codec\1.10\commons-codec-1.10.jar;C:\Users\ARJUN.SANTRA\.m2\repository\org\rauschig\jarchivelib\0.8.0\jarchivelib-0.8.0.jar;C:\Users\ARJUN.SANTRA\.m2\repository\org\jsoup\jsoup\1.11.3\jsoup-1.11.3.jar;C:\Users\ARJUN.SANTRA\.m2\repository\log4j\log4j\1.2.17\log4j-1.2.17.jar;C:\Users\ARJUN.SANTRA\.m2\repository\org\seleniumhq\selenium\selenium-remote-driver\3.141.59\selenium-remote-driver-3.141.59.jar;C:\Users\ARJUN.SANTRA\.m2\repository\org\seleniumhq\selenium\selenium-api\3.141.59\selenium-api-3.141.59.jar;C:\Users\ARJUN.SANTRA\.m2\repository\net\bytebuddy\byte-buddy\1.8.15\byte-buddy-1.8.15.jar;C:\Users\ARJUN.SANTRA\.m2\repository\org\apache\commons\commons-exec\1.3\commons-exec-1.3.jar;C:\Users\ARJUN.SANTRA\.m2\repository\com\google\guava\guava\25.0-jre\guava-25.0-jre.jar;C:\Users\ARJUN.SANTRA\.m2\repository\com\google\code\findbugs\jsr305\1.3.9\jsr305-1.3.9.jar;C:\Users\ARJUN.SANTRA\.m2\repository\org\checkerframework\checker-compat-qual\2.0.0\checker-compat-qual-2.0.0.jar;C:\Users\ARJUN.SANTRA\.m2\repository\com\google\errorprone\error_prone_annotations\2.1.3\error_prone_annotations-2.1.3.jar;C:\Users\ARJUN.SANTRA\.m2\repository\com\google\j2objc\j2objc-annotations\1.1\j2objc-annotations-1.1.jar;C:\Users\ARJUN.SANTRA\.m2\repository\org\codehaus\mojo\animal-sniffer-annotations\1.14\animal-sniffer-annotations-1.14.jar;C:\Users\ARJUN.SANTRA\.m2\repository\com\squareup\okhttp3\okhttp\3.11.0\okhttp-3.11.0.jar;C:\Users\ARJUN.SANTRA\.m2\repository\com\squareup\okio\okio\1.14.0\okio-1.14.0.jar;C:\Users\ARJUN.SANTRA\.m2\repository\org\seleniumhq\selenium\selenium-java\3.141.59\selenium-java-3.141.59.jar;C:\Users\ARJUN.SANTRA\.m2\repository\org\seleniumhq\selenium\selenium-chrome-driver\3.141.59\selenium-chrome-driver-3.141.59.jar;C:\Users\ARJUN.SANTRA\.m2\repository\org\seleniumhq\selenium\selenium-edge-driver\3.141.59\selenium-edge-driver-3.141.59.jar;C:\Users\ARJUN.SANTRA\.m2\repository\org\seleniumhq\selenium\selenium-firefox-driver\3.141.59\selenium-firefox-driver-3.141.59.jar;C:\Users\ARJUN.SANTRA\.m2\repository\org\seleniumhq\selenium\selenium-ie-driver\3.141.59\selenium-ie-driver-3.141.59.jar;C:\Users\ARJUN.SANTRA\.m2\repository\org\seleniumhq\selenium\selenium-opera-driver\3.141.59\selenium-opera-driver-3.141.59.jar;C:\Users\ARJUN.SANTRA\.m2\repository\org\seleniumhq\selenium\selenium-safari-driver\3.141.59\selenium-safari-driver-3.141.59.jar;C:\Users\ARJUN.SANTRA\.m2\repository\org\seleniumhq\selenium\selenium-support\3.141.59\selenium-support-3.141.59.jar;C:\Users\ARJUN.SANTRA\.m2\repository\org\testng\testng\6.14.3\testng-6.14.3.jar;C:\Users\ARJUN.SANTRA\.m2\repository\com\beust\jcommander\1.72\jcommander-1.72.jar;C:\Users\ARJUN.SANTRA\.m2\repository\org\apache-extras\beanshell\bsh\2.0b6\bsh-2.0b6.jar;C:\Users\ARJUN.SANTRA\.m2\repository\org\apache\poi\poi-ooxml\4.1.0\poi-ooxml-4.1.0.jar;C:\Users\ARJUN.SANTRA\.m2\repository\org\apache\poi\poi\4.1.0\poi-4.1.0.jar;C:\Users\ARJUN.SANTRA\.m2\repository\org\apache\commons\commons-collections4\4.3\commons-collections4-4.3.jar;C:\Users\ARJUN.SANTRA\.m2\repository\org\apache\commons\commons-math3\3.6.1\commons-math3-3.6.1.jar;C:\Users\ARJUN.SANTRA\.m2\repository\org\apache\poi\poi-ooxml-schemas\4.1.0\poi-ooxml-schemas-4.1.0.jar;C:\Users\ARJUN.SANTRA\.m2\repository\org\apache\xmlbeans\xmlbeans\3.1.0\xmlbeans-3.1.0.jar;C:\Users\ARJUN.SANTRA\.m2\repository\org\apache\commons\commons-compress\1.18\commons-compress-1.18.jar;C:\Users\ARJUN.SANTRA\.m2\repository\com\github\virtuald\curvesapi\1.06\curvesapi-1.06.jar;C:\Users\ARJUN.SANTRA\.m2\repository\com\relevantcodes\extentreports\2.41.2\extentreports-2.41.2.jar;C:\Users\ARJUN.SANTRA\.m2\repository\org\xerial\sqlite-jdbc\3.8.11.1\sqlite-jdbc-3.8.11.1.jar;C:\Users\ARJUN.SANTRA\.m2\repository\org\freemarker\freemarker\2.3.23\freemarker-2.3.23.jar;C:\Users\ARJUN.SANTRA\.m2\repository\org\mongodb\mongodb-driver\3.0.4\mongodb-driver-3.0.4.jar;C:\Users\ARJUN.SANTRA\.m2\repository\org\mongodb\bson\3.0.4\bson-3.0.4.jar;C:\Users\ARJUN.SANTRA\.m2\repository\org\mongodb\mongodb-driver-core\3.0.4\mongodb-driver-core-3.0.4.jar;C:\Users\ARJUN.SANTRA\.m2\repository\commons-io\commons-io\2.4\commons-io-2.4.jar;"/>
    <property name="java.vm.vendor" value="Oracle Corporation"/>
    <property name="sun.arch.data.model" value="64"/>
    <property name="user.variant" value=""/>
    <property name="java.vendor.url" value="https://java.oracle.com/"/>
    <property name="user.timezone" value="Asia/Calcutta"/>
    <property name="os.name" value="Windows 10"/>
    <property name="java.vm.specification.version" value="12"/>
    <property name="sun.java.launcher" value="SUN_STANDARD"/>
    <property name="user.country" value="US"/>
    <property name="sun.boot.library.path" value="C:\Program Files\Java\jdk-12.0.1\bin"/>
    <property name="sun.java.command" value="C:\Users\ARJUN.SANTRA\AppData\Local\Temp\surefire14915077739605999191\surefirebooter17678196081528732441.jar C:\Users\ARJUN.SANTRA\AppData\Local\Temp\surefire14915077739605999191 2019-11-08T20-06-02_313-jvmRun1 surefire5016513628367592482tmp surefire_03761909157354487183tmp"/>
    <property name="jdk.debug" value="release"/>
    <property name="surefire.test.class.path" value="C:\Users\ARJUN.SANTRA\Desktop\AssessmentTwo\TutorialsninjaAutomation\target\test-classes;C:\Users\ARJUN.SANTRA\Desktop\AssessmentTwo\TutorialsninjaAutomation\target\classes;C:\Users\ARJUN.SANTRA\.m2\repository\io\github\bonigarcia\webdrivermanager\2.2.4\webdrivermanager-2.2.4.jar;C:\Users\ARJUN.SANTRA\.m2\repository\org\slf4j\slf4j-api\1.7.25\slf4j-api-1.7.25.jar;C:\Users\ARJUN.SANTRA\.m2\repository\com\google\code\gson\gson\2.8.5\gson-2.8.5.jar;C:\Users\ARJUN.SANTRA\.m2\repository\org\apache\commons\commons-lang3\3.7\commons-lang3-3.7.jar;C:\Users\ARJUN.SANTRA\.m2\repository\org\apache\httpcomponents\httpclient\4.5.5\httpclient-4.5.5.jar;C:\Users\ARJUN.SANTRA\.m2\repository\org\apache\httpcomponents\httpcore\4.4.9\httpcore-4.4.9.jar;C:\Users\ARJUN.SANTRA\.m2\repository\commons-logging\commons-logging\1.2\commons-logging-1.2.jar;C:\Users\ARJUN.SANTRA\.m2\repository\commons-codec\commons-codec\1.10\commons-codec-1.10.jar;C:\Users\ARJUN.SANTRA\.m2\repository\org\rauschig\jarchivelib\0.8.0\jarchivelib-0.8.0.jar;C:\Users\ARJUN.SANTRA\.m2\repository\org\jsoup\jsoup\1.11.3\jsoup-1.11.3.jar;C:\Users\ARJUN.SANTRA\.m2\repository\log4j\log4j\1.2.17\log4j-1.2.17.jar;C:\Users\ARJUN.SANTRA\.m2\repository\org\seleniumhq\selenium\selenium-remote-driver\3.141.59\selenium-remote-driver-3.141.59.jar;C:\Users\ARJUN.SANTRA\.m2\repository\org\seleniumhq\selenium\selenium-api\3.141.59\selenium-api-3.141.59.jar;C:\Users\ARJUN.SANTRA\.m2\repository\net\bytebuddy\byte-buddy\1.8.15\byte-buddy-1.8.15.jar;C:\Users\ARJUN.SANTRA\.m2\repository\org\apache\commons\commons-exec\1.3\commons-exec-1.3.jar;C:\Users\ARJUN.SANTRA\.m2\repository\com\google\guava\guava\25.0-jre\guava-25.0-jre.jar;C:\Users\ARJUN.SANTRA\.m2\repository\com\google\code\findbugs\jsr305\1.3.9\jsr305-1.3.9.jar;C:\Users\ARJUN.SANTRA\.m2\repository\org\checkerframework\checker-compat-qual\2.0.0\checker-compat-qual-2.0.0.jar;C:\Users\ARJUN.SANTRA\.m2\repository\com\google\errorprone\error_prone_annotations\2.1.3\error_prone_annotations-2.1.3.jar;C:\Users\ARJUN.SANTRA\.m2\repository\com\google\j2objc\j2objc-annotations\1.1\j2objc-annotations-1.1.jar;C:\Users\ARJUN.SANTRA\.m2\repository\org\codehaus\mojo\animal-sniffer-annotations\1.14\animal-sniffer-annotations-1.14.jar;C:\Users\ARJUN.SANTRA\.m2\repository\com\squareup\okhttp3\okhttp\3.11.0\okhttp-3.11.0.jar;C:\Users\ARJUN.SANTRA\.m2\repository\com\squareup\okio\okio\1.14.0\okio-1.14.0.jar;C:\Users\ARJUN.SANTRA\.m2\repository\org\seleniumhq\selenium\selenium-java\3.141.59\selenium-java-3.141.59.jar;C:\Users\ARJUN.SANTRA\.m2\repository\org\seleniumhq\selenium\selenium-chrome-driver\3.141.59\selenium-chrome-driver-3.141.59.jar;C:\Users\ARJUN.SANTRA\.m2\repository\org\seleniumhq\selenium\selenium-edge-driver\3.141.59\selenium-edge-driver-3.141.59.jar;C:\Users\ARJUN.SANTRA\.m2\repository\org\seleniumhq\selenium\selenium-firefox-driver\3.141.59\selenium-firefox-driver-3.141.59.jar;C:\Users\ARJUN.SANTRA\.m2\repository\org\seleniumhq\selenium\selenium-ie-driver\3.141.59\selenium-ie-driver-3.141.59.jar;C:\Users\ARJUN.SANTRA\.m2\repository\org\seleniumhq\selenium\selenium-opera-driver\3.141.59\selenium-opera-driver-3.141.59.jar;C:\Users\ARJUN.SANTRA\.m2\repository\org\seleniumhq\selenium\selenium-safari-driver\3.141.59\selenium-safari-driver-3.141.59.jar;C:\Users\ARJUN.SANTRA\.m2\repository\org\seleniumhq\selenium\selenium-support\3.141.59\selenium-support-3.141.59.jar;C:\Users\ARJUN.SANTRA\.m2\repository\org\testng\testng\6.14.3\testng-6.14.3.jar;C:\Users\ARJUN.SANTRA\.m2\repository\com\beust\jcommander\1.72\jcommander-1.72.jar;C:\Users\ARJUN.SANTRA\.m2\repository\org\apache-extras\beanshell\bsh\2.0b6\bsh-2.0b6.jar;C:\Users\ARJUN.SANTRA\.m2\repository\org\apache\poi\poi-ooxml\4.1.0\poi-ooxml-4.1.0.jar;C:\Users\ARJUN.SANTRA\.m2\repository\org\apache\poi\poi\4.1.0\poi-4.1.0.jar;C:\Users\ARJUN.SANTRA\.m2\repository\org\apache\commons\commons-collections4\4.3\commons-collections4-4.3.jar;C:\Users\ARJUN.SANTRA\.m2\repository\org\apache\commons\commons-math3\3.6.1\commons-math3-3.6.1.jar;C:\Users\ARJUN.SANTRA\.m2\repository\org\apache\poi\poi-ooxml-schemas\4.1.0\poi-ooxml-schemas-4.1.0.jar;C:\Users\ARJUN.SANTRA\.m2\repository\org\apache\xmlbeans\xmlbeans\3.1.0\xmlbeans-3.1.0.jar;C:\Users\ARJUN.SANTRA\.m2\repository\org\apache\commons\commons-compress\1.18\commons-compress-1.18.jar;C:\Users\ARJUN.SANTRA\.m2\repository\com\github\virtuald\curvesapi\1.06\curvesapi-1.06.jar;C:\Users\ARJUN.SANTRA\.m2\repository\com\relevantcodes\extentreports\2.41.2\extentreports-2.41.2.jar;C:\Users\ARJUN.SANTRA\.m2\repository\org\xerial\sqlite-jdbc\3.8.11.1\sqlite-jdbc-3.8.11.1.jar;C:\Users\ARJUN.SANTRA\.m2\repository\org\freemarker\freemarker\2.3.23\freemarker-2.3.23.jar;C:\Users\ARJUN.SANTRA\.m2\repository\org\mongodb\mongodb-driver\3.0.4\mongodb-driver-3.0.4.jar;C:\Users\ARJUN.SANTRA\.m2\repository\org\mongodb\bson\3.0.4\bson-3.0.4.jar;C:\Users\ARJUN.SANTRA\.m2\repository\org\mongodb\mongodb-driver-core\3.0.4\mongodb-driver-core-3.0.4.jar;C:\Users\ARJUN.SANTRA\.m2\repository\commons-io\commons-io\2.4\commons-io-2.4.jar;"/>
    <property name="sun.cpu.endian" value="little"/>
    <property name="user.home" value="C:\Users\ARJUN.SANTRA"/>
    <property name="user.language" value="en"/>
    <property name="java.specification.vendor" value="Oracle Corporation"/>
    <property name="java.version.date" value="2019-04-16"/>
    <property name="java.home" value="C:\Program Files\Java\jdk-12.0.1"/>
    <property name="file.separator" value="\"/>
    <property name="basedir" value="C:\Users\ARJUN.SANTRA\Desktop\AssessmentTwo\TutorialsninjaAutomation"/>
    <property name="java.vm.compressedOopsMode" value="32-bit"/>
    <property name="line.separator" value="&#10;"/>
    <property name="java.vm.specification.vendor" value="Oracle Corporation"/>
    <property name="java.specification.name" value="Java Platform API Specification"/>
    <property name="java.awt.graphicsenv" value="sun.awt.Win32GraphicsEnvironment"/>
    <property name="surefire.real.class.path" value="C:\Users\ARJUN.SANTRA\AppData\Local\Temp\surefire14915077739605999191\surefirebooter17678196081528732441.jar"/>
    <property name="user.script" value=""/>
    <property name="sun.management.compiler" value="HotSpot 64-Bit Tiered Compilers"/>
    <property name="java.runtime.version" value="12.0.1+12"/>
    <property name="user.name" value="arjun.santra"/>
    <property name="path.separator" value=";"/>
    <property name="os.version" value="10.0"/>
    <property name="java.runtime.name" value="Java(TM) SE Runtime Environment"/>
    <property name="file.encoding" value="Cp1252"/>
    <property name="java.vm.name" value="Java HotSpot(TM) 64-Bit Server VM"/>
    <property name="localRepository" value="C:\Users\ARJUN.SANTRA\.m2\repository"/>
    <property name="java.vendor.url.bug" value="https://bugreport.java.com/bugreport/"/>
    <property name="java.io.tmpdir" value="C:\Users\ARJUN~1.SAN\AppData\Local\Temp\"/>
    <property name="java.version" value="12.0.1"/>
    <property name="user.dir" value="C:\Users\ARJUN.SANTRA\Desktop\AssessmentTwo\TutorialsninjaAutomation"/>
    <property name="os.arch" value="amd64"/>
    <property name="java.vm.specification.name" value="Java Virtual Machine Specification"/>
    <property name="sun.os.patch.level" value=""/>
    <property name="java.library.path" value="C:\Program Files\Java\jdk-12.0.1\bin;C:\Windows\Sun\Java\bin;C:\Windows\system32;C:\Windows;C:/Program Files/Java/jdk-12.0.1/bin/server;C:/Program Files/Java/jdk-12.0.1/bin;C:\Program Files (x86)\Common Files\Oracle\Java\javapath;C:\Windows\system32;C:\Windows;C:\Windows\System32\Wbem;C:\Windows\System32\WindowsPowerShell\v1.0\;C:\Windows\System32\OpenSSH\;C:\Program Files\Git\cmd;C:\Program Files\Git\mingw64\bin;C:\Program Files\Git\usr\bin;C:\Program Files\Microsoft SQL Server\Client SDK\ODBC\130\Tools\Binn\;C:\Program Files (x86)\Microsoft SQL Server\140\Tools\Binn\;C:\Program Files\Microsoft SQL Server\140\Tools\Binn\;C:\Program Files\Microsoft SQL Server\140\DTS\Binn\;C:\Program Files (x86)\Microsoft SQL Server\150\DTS\Binn\;C:\Program Files\Java\jdk1.8.0_221\bin;C:\apache-maven-3.6.1\bin;C:\Program Files\Java\jdk1.8.0_221;C:\Users\ARJUN.SANTRA\Desktop\sqljdbc_7.4\enu\auth\x64\sqljdbc_auth.dll;C:\Users\ARJUN.SANTRA\Desktop;;."/>
    <property name="java.vm.info" value="mixed mode, sharing"/>
    <property name="java.vendor" value="Oracle Corporation"/>
    <property name="java.vm.version" value="12.0.1+12"/>
    <property name="sun.io.unicode.encoding" value="UnicodeLittle"/>
    <property name="java.class.version" value="56.0"/>
  </properties>
  <testcase name="headerRedirectionValidation" classname="com.tutorialsninja.TutorialsninjaAutomation.testscripts.HeatClinicFuctionalityTesting" time="1.291"/>
  <testcase name="headerRedirectionValidation" classname="com.tutorialsninja.TutorialsninjaAutomation.testscripts.HeatClinicFuctionalityTesting" time="1.128"/>
  <testcase name="headerRedirectionValidation" classname="com.tutorialsninja.TutorialsninjaAutomation.testscripts.HeatClinicFuctionalityTesting" time="0.786"/>
  <testcase name="headerRedirectionValidation" classname="com.tutorialsninja.TutorialsninjaAutomation.testscripts.HeatClinicFuctionalityTesting" time="0.928"/>
  <testcase name="headerRedirectionValidation" classname="com.tutorialsninja.TutorialsninjaAutomation.testscripts.HeatClinicFuctionalityTesting" time="0.759"/>
  <testcase name="merchandiseFunctionality" classname="com.tutorialsninja.TutorialsninjaAutomation.testscripts.HeatClinicFuctionalityTesting" time="30.541">
    <failure message="expected [$44.97] but found [$14.99]" type="java.lang.AssertionError">java.lang.AssertionError: expected [$44.97] but found [$14.99]
	at com.tutorialsninja.TutorialsninjaAutomation.testscripts.HeatClinicFuctionalityTesting.merchandiseFunctionality(HeatClinicFuctionalityTesting.java:66)
</failure>
    <system-out><![CDATA[11-08-2019 20:06:37 LogReport.java INFO  [main] reports.LogReport 33 - Validation pass:ViewingMens and ViewingMens match
11-08-2019 20:06:37 LogReport.java INFO  [main] reports.LogReport 33 - Viewing Mens is succefully validate
11-08-2019 20:06:37 LogReport.java INFO  [main] reports.LogReport 33 - Shirt is selected
11-08-2019 20:06:37 LogReport.java INFO  [main] reports.LogReport 33 - Shirt colour is selected
11-08-2019 20:06:38 LogReport.java INFO  [main] reports.LogReport 33 - Shirt size is selected
11-08-2019 20:06:38 LogReport.java INFO  [main] reports.LogReport 33 - Shirt personalized message is given
11-08-2019 20:06:38 LogReport.java INFO  [main] reports.LogReport 33 - buy now is clicked
11-08-2019 20:06:39 LogReport.java INFO  [main] reports.LogReport 33 - view cart is clicked
11-08-2019 20:07:05 LogReport.java INFO  [main] reports.LogReport 33 - Validation pass:Hawt Like a Habanero Shirt (Men's) and Hawt Like a Habanero Shirt (Men's) match
11-08-2019 20:07:05 LogReport.java INFO  [main] reports.LogReport 33 - Validation pass:Shirt Size: M and Shirt Size: M match
11-08-2019 20:07:05 LogReport.java INFO  [main] reports.LogReport 33 - Validation pass:Shirt Color: Red and Shirt Color: Red match
11-08-2019 20:07:05 LogReport.java INFO  [main] reports.LogReport 33 - Validation pass:Personalized Name: arjun and Personalized Name: arjun match
11-08-2019 20:07:05 LogReport.java INFO  [main] reports.LogReport 33 - total price validation
11-08-2019 20:07:06 LogReport.java INFO  [main] reports.LogReport 33 - Validation pass:$14.99 and $14.99 match
11-08-2019 20:07:06 LogReport.java INFO  [main] reports.LogReport 33 - Update the quatity
]]></system-out>
  </testcase>
</testsuite>